[2024-01-21 13:15:39,119] 22 root - INFO - Data injection started
[2024-01-21 13:15:39,226] 26 root - INFO - read the data set as data frame 
[2024-01-21 13:15:40,163] 30 root - INFO - I have saved the raw data in artifact folder
[2024-01-21 13:15:40,163] 33 root - INFO - I have now performed train test split
[2024-01-21 13:15:40,194] 36 root - INFO - train test split completed
[2024-01-21 13:15:41,055] 41 root - INFO - Data ingesion part is completed
[2024-01-21 13:15:41,190] 80 root - INFO - reading of training and testing data
[2024-01-21 13:15:41,194] 81 root - INFO - train dataframe head : 
       id  carat        cut color clarity  depth  table     x     y     z  price
0  188570   0.71      Ideal     E     SI2   62.1   55.0  5.70  5.72  3.54   2677
1  177118   1.02      Ideal     F     SI1   62.8   56.0  6.46  6.42  4.03   5455
2   85003   0.60  Very Good     H     VS2   60.2   63.0  5.45  5.47  3.28   1605
3  101872   0.41    Premium     G     VS2   62.3   58.0  4.76  4.72  2.95    827
4  116740   0.21       Good     F     VS1   63.6   56.0  3.82  3.78  2.68    399
[2024-01-21 13:15:41,197] 82 root - INFO - test dataframe head : 
       id  carat        cut color clarity  depth  table     x     y     z  price
0   92236   0.51       Good     G    VVS2   63.1   56.0  5.09  5.11  3.22   1806
1   89390   1.02    Premium     H     VS1   60.7   58.0  6.53  6.46  3.94   5849
2  164615   0.50  Very Good     E     VS2   61.5   57.0  5.11  5.09  3.14   1629
3  164945   0.40      Ideal     E     VS1   61.7   56.0  4.71  4.73  2.91   1053
4   10979   0.80      Ideal     F     SI2   61.4   55.0  6.04  6.00  3.67   2735
[2024-01-21 13:15:41,197] 29 root - INFO - data transformation initiated
[2024-01-21 13:15:41,197] 39 root - INFO - Pipeline initiated
[2024-01-21 13:15:41,197] 68 root - INFO - Exception occured in the inintiate_dataTransformation
[2024-01-21 13:15:41,197] 112 root - INFO - Exception occured in the inintiate_dataTransformation
