[2024-01-21 14:04:35,553] 22 root - INFO - Data injection started
[2024-01-21 14:04:35,659] 26 root - INFO - read the data set as data frame 
[2024-01-21 14:04:36,576] 30 root - INFO - I have saved the raw data in artifact folder
[2024-01-21 14:04:36,577] 33 root - INFO - I have now performed train test split
[2024-01-21 14:04:36,604] 36 root - INFO - train test split completed
[2024-01-21 14:04:37,511] 41 root - INFO - Data ingesion part is completed
[2024-01-21 14:04:37,648] 80 root - INFO - reading of training and testing data
[2024-01-21 14:04:37,653] 81 root - INFO - train dataframe head : 
       id  carat      cut color clarity  depth  table     x     y     z  price
0    9916   0.36    Ideal     H     VS2   61.8   55.0  4.54  4.57  2.82    568
1  121444   0.38    Ideal     F    VVS2   61.6   55.0  4.68  4.64  2.88   1124
2    9560   0.51  Premium     H     VS1   61.5   60.0  5.09  5.12  3.14   1229
3  172038   0.40  Premium     D     VS2   62.1   56.0  4.77  4.74  2.95    982
4    8204   1.24  Premium     F     VS2   59.3   59.0  7.04  7.01  4.17   7486
[2024-01-21 14:04:37,656] 82 root - INFO - test dataframe head : 
       id  carat      cut color clarity  depth  table     x     y     z  price
0  127206   1.14    Ideal     G     SI1   61.2   56.0  6.75  6.79  4.13   4922
1    8777   0.41  Premium     E     SI1   62.9   58.0  4.77  4.72  2.98   1069
2  109397   0.55    Ideal     G     VS2   61.8   56.0  5.25  5.27  3.25   1625
3  148670   0.51    Ideal     D     SI1   61.1   57.0  5.17  5.13  3.14   1552
4  148271   1.06  Premium     E     SI2   62.5   57.0  6.45  6.49  4.05   5116
[2024-01-21 14:04:37,656] 29 root - INFO - data transformation initiated
[2024-01-21 14:04:37,656] 39 root - INFO - Pipeline initiated
[2024-01-21 14:04:37,924] 97 root - INFO - applying pre processing on data
[2024-01-21 14:04:37,931] 107 root - INFO - preprocessor object pickel file saved
[2024-01-21 14:04:37,934] 26 root - INFO - Splitting Dependent and Independent variables from train and test data
[2024-01-21 14:04:39,292] 44 root - INFO - Model Report : {'LinearRegression': 0.9375223719942498, 'Lasso': 0.9377052644066418, 'Ridge': 0.937522006880809, 'ElasticNet': 0.8543706629151046}
[2024-01-21 14:04:39,293] 57 root - INFO - Best Model Found , Model Name : Lasso , R2 Score : 0.9377052644066418
