[2024-01-22 12:04:49,094] 22 root - INFO - Data injection started
[2024-01-22 12:04:49,532] 26 root - INFO - read the data set as data frame 
[2024-01-22 12:04:50,510] 30 root - INFO - I have saved the raw data in artifact folder
[2024-01-22 12:04:50,510] 33 root - INFO - I have now performed train test split
[2024-01-22 12:04:50,575] 36 root - INFO - train test split completed
[2024-01-22 12:04:51,386] 41 root - INFO - Data ingesion part is completed
[2024-01-22 12:04:51,522] 80 root - INFO - reading of training and testing data
[2024-01-22 12:04:51,542] 81 root - INFO - train dataframe head : 
       id  carat      cut color clarity  depth  table     x     y     z  price
0   79242   1.27  Premium     F    VVS2   61.3   59.0  6.99  6.93  4.26  11595
1   16108   1.52  Premium     G     SI1   61.9   58.0  7.38  7.32  4.55   9847
2  159503   1.01    Ideal     J     VS2   61.7   56.0  6.42  6.47  3.99   4928
3  104812   0.53    Ideal     E     VS2   60.2   57.0  5.25  5.28  3.17   1908
4   61023   0.34    Ideal     G     VS1   62.0   55.0  4.48  4.51  2.79    854
[2024-01-22 12:04:51,545] 82 root - INFO - test dataframe head : 
       id  carat        cut color clarity  depth  table     x     y     z  price
0  139293   0.72      Ideal     D     SI2   61.4   56.0  5.74  5.80  3.55   2652
1   95217   0.24  Very Good     E    VVS1   62.2   55.0  3.98  4.02  2.48    485
2  146453   0.70      Ideal     F     VS1   61.2   55.0  5.76  5.79  3.53   3154
3  193338   1.11    Premium     G     VS1   62.3   58.0  6.66  6.61  4.13   7392
4  161340   1.51    Premium     F     VS2   61.4   59.0  7.33  7.37  4.51  14430
[2024-01-22 12:04:51,546] 29 root - INFO - data transformation initiated
[2024-01-22 12:04:51,546] 39 root - INFO - Pipeline initiated
[2024-01-22 12:04:51,842] 97 root - INFO - applying pre processing on data
[2024-01-22 12:04:51,893] 107 root - INFO - preprocessor object pickel file saved
[2024-01-22 12:04:51,896] 25 root - INFO - Splitting Dependent and Independent variables from train and test data
[2024-01-22 12:04:53,420] 43 root - INFO - Model Report : {'LinearRegression': 0.9354580823801246, 'Lasso': 0.9356596937358294, 'Ridge': 0.9354557966167463, 'Elasticnet': 0.8529031958934434}
[2024-01-22 12:04:53,420] 56 root - INFO - Best Model Found , Model Name : Lasso , R2 Score : 0.9356596937358294
